S-PLUS : Copyright (c) 1988, 1999 MathSoft, Inc.
S : Copyright Lucent Technologies, Inc.
Version 5.1 Release 1 for Sun SPARC, SunOS 5.5 : 1999 
Working data will be in .Data 
[1] "Data/gam.datasets"
Generated postscript file "Plots/plot-07-01.ps".
 null device 
           1
Generated postscript file "Plots/plot-07-02.ps".
 null device 
           1
Generated postscript file "Plots/plot-07-03.ps".
 null device 
           1
Generated postscript file "Plots/plot-07-04.ps".
 null device 
           1
Generated postscript file "Plots/plot-07-05.ps".
 null device 
           1
